  今天的第二个.c
F:\C语言\2021.10.09\今天的第二个\今天的第二个\今天的第二个.c(20,16): error C2075: “arr”: 初始化需要带括号的初始值设定项列表
F:\C语言\2021.10.09\今天的第二个\今天的第二个\今天的第二个.c(22,11): error C2057: 应输入常量表达式
F:\C语言\2021.10.09\今天的第二个\今天的第二个\今天的第二个.c(22,11): error C2466: 不能分配常量大小为 0 的数组
F:\C语言\2021.10.09\今天的第二个\今天的第二个\今天的第二个.c(23,1): error C2143: 语法错误: 缺少“{”(在“return”的前面)
F:\C语言\2021.10.09\今天的第二个\今天的第二个\今天的第二个.c(23,1): error C2059: 语法错误:“return”
